[NEW_war_exploded] [INFO] [2019-07-06 13:08:05] org.springframework.web.context.ContextLoader.initWebApplicationContext(285) | 
Root WebApplicationContext: initialization started
[NEW_war_exploded] [INFO] [2019-07-06 13:08:05] org.springframework.context.support.AbstractApplicationContext.prepareRefresh(513) | 
Refreshing Root WebApplicationContext: startup date [Sat Jul 06 13:08:05 CST 2019]; root of context hierarchy
[NEW_war_exploded] [INFO] [2019-07-06 13:08:05] org.springframework.beans.factory.xml.XmlBeanDefinitionReader.loadBeanDefinitions(316) | 
Loading XML bean definitions from URL [file:/D:/Documents/Desktop/666/人生地图/NEW/out/artifacts/NEW_war_exploded/WEB-INF/classes/spring-mybatis.xml]
[NEW_war_exploded] [INFO] [2019-07-06 13:08:06] org.springframework.core.io.support.PropertiesLoaderSupport.loadProperties(172) | 
Loading properties file from class path resource [jdbc.properties]
[NEW_war_exploded] [INFO] [2019-07-06 13:08:07] org.springframework.web.context.ContextLoader.initWebApplicationContext(325) | 
Root WebApplicationContext: initialization completed in 1646 ms
[NEW_war_exploded] [INFO] [2019-07-06 13:08:07] org.springframework.web.servlet.FrameworkServlet.initServletBean(479) | 
FrameworkServlet 'springMVC': initialization started
[NEW_war_exploded] [INFO] [2019-07-06 13:08:07] org.springframework.context.support.AbstractApplicationContext.prepareRefresh(513) | 
Refreshing WebApplicationContext for namespace 'springMVC-servlet': startup date [Sat Jul 06 13:08:07 CST 2019]; parent: Root WebApplicationContext
[NEW_war_exploded] [INFO] [2019-07-06 13:08:07] org.springframework.beans.factory.xml.XmlBeanDefinitionReader.loadBeanDefinitions(316) | 
Loading XML bean definitions from URL [file:/D:/Documents/Desktop/666/人生地图/NEW/out/artifacts/NEW_war_exploded/WEB-INF/classes/springMvc.xml]
[NEW_war_exploded] [INFO] [2019-07-06 13:08:08] org.springframework.web.servlet.handler.AbstractHandlerMethodMapping.registerHandlerMethod(182) | 
Mapped "{[/article/selectArticleById],methods=[],params=[],headers=[],consumes=[],produces=[],custom=[]}" onto public com.dc.base.pojo.BaseModel com.dc.controller.ArticleController.selectArticleById(int)
[NEW_war_exploded] [INFO] [2019-07-06 13:08:08] org.springframework.web.servlet.handler.AbstractHandlerMethodMapping.registerHandlerMethod(182) | 
Mapped "{[/article/selectAllCommentByScenicId],methods=[],params=[],headers=[],consumes=[],produces=[],custom=[]}" onto public com.dc.base.pojo.BaseModel com.dc.controller.ArticleController.selectAllCommentByScenicId(int)
[NEW_war_exploded] [INFO] [2019-07-06 13:08:08] org.springframework.web.servlet.handler.AbstractHandlerMethodMapping.registerHandlerMethod(182) | 
Mapped "{[/article/selectArticleAll2],methods=[],params=[],headers=[],consumes=[],produces=[],custom=[]}" onto public com.dc.base.pojo.BaseModel com.dc.controller.ArticleController.selectArticleAll2(java.lang.String,java.lang.String,java.lang.String,java.lang.Integer,java.lang.Integer)
[NEW_war_exploded] [INFO] [2019-07-06 13:08:08] org.springframework.web.servlet.handler.AbstractHandlerMethodMapping.registerHandlerMethod(182) | 
Mapped "{[/article/selectArticleAll],methods=[],params=[],headers=[],consumes=[],produces=[],custom=[]}" onto public com.dc.base.pojo.BaseModel com.dc.controller.ArticleController.selectArticleAll(java.lang.String,java.lang.String,java.lang.String,java.lang.Integer,java.lang.Integer)
[NEW_war_exploded] [INFO] [2019-07-06 13:08:08] org.springframework.web.servlet.handler.AbstractHandlerMethodMapping.registerHandlerMethod(182) | 
Mapped "{[/article/commitComment],methods=[],params=[],headers=[],consumes=[],produces=[],custom=[]}" onto public com.dc.base.pojo.BaseModel com.dc.controller.ArticleController.commitComment(int,int,java.lang.String)
[NEW_war_exploded] [INFO] [2019-07-06 13:08:08] org.springframework.web.servlet.handler.AbstractHandlerMethodMapping.registerHandlerMethod(182) | 
Mapped "{[/article/scenicList],methods=[],params=[],headers=[],consumes=[],produces=[],custom=[]}" onto public com.dc.base.pojo.BaseModel com.dc.controller.ArticleController.scenicList()
[NEW_war_exploded] [INFO] [2019-07-06 13:08:08] org.springframework.web.servlet.handler.AbstractHandlerMethodMapping.registerHandlerMethod(182) | 
Mapped "{[/article/addArticle],methods=[],params=[],headers=[],consumes=[],produces=[],custom=[]}" onto public com.dc.base.pojo.BaseModel com.dc.controller.ArticleController.addArticle(int,java.lang.String,java.lang.String,int)
[NEW_war_exploded] [INFO] [2019-07-06 13:08:08] org.springframework.web.servlet.handler.AbstractHandlerMethodMapping.registerHandlerMethod(182) | 
Mapped "{[/article/selectArticleAllPOST],methods=[],params=[],headers=[],consumes=[],produces=[],custom=[]}" onto public com.dc.base.pojo.BaseModel com.dc.controller.ArticleController.selectArticleAllPost(java.lang.String,java.lang.String,java.lang.String,java.lang.Integer,java.lang.Integer)
[NEW_war_exploded] [INFO] [2019-07-06 13:08:08] org.springframework.web.servlet.handler.AbstractHandlerMethodMapping.registerHandlerMethod(182) | 
Mapped "{[/user/register],methods=[],params=[],headers=[],consumes=[],produces=[],custom=[]}" onto public com.dc.base.pojo.BaseModel com.dc.controller.UserController.register(java.lang.String,java.lang.String)
[NEW_war_exploded] [INFO] [2019-07-06 13:08:08] org.springframework.web.servlet.handler.AbstractHandlerMethodMapping.registerHandlerMethod(182) | 
Mapped "{[/user/userList],methods=[],params=[],headers=[],consumes=[],produces=[],custom=[]}" onto public com.dc.base.pojo.BaseModel com.dc.controller.UserController.userList()
[NEW_war_exploded] [INFO] [2019-07-06 13:08:08] org.springframework.web.servlet.handler.AbstractHandlerMethodMapping.registerHandlerMethod(182) | 
Mapped "{[/user/login],methods=[],params=[],headers=[],consumes=[],produces=[],custom=[]}" onto public com.dc.base.pojo.BaseModel com.dc.controller.UserController.login(java.lang.String,java.lang.String)
[NEW_war_exploded] [INFO] [2019-07-06 13:08:08] org.springframework.web.servlet.handler.AbstractHandlerMethodMapping.registerHandlerMethod(182) | 
Mapped "{[/user/insertUserByCsv],methods=[],params=[],headers=[],consumes=[],produces=[],custom=[]}" onto public com.dc.base.pojo.BaseModel com.dc.controller.UserController.insertUserByCsv()
[NEW_war_exploded] [INFO] [2019-07-06 13:08:08] org.springframework.web.servlet.handler.AbstractHandlerMethodMapping.registerHandlerMethod(182) | 
Mapped "{[/user/isexist],methods=[],params=[],headers=[],consumes=[],produces=[],custom=[]}" onto public com.dc.base.pojo.BaseModel com.dc.controller.UserController.isexist(java.lang.String)
[NEW_war_exploded] [INFO] [2019-07-06 13:08:08] org.springframework.web.servlet.handler.AbstractHandlerMethodMapping.registerHandlerMethod(182) | 
Mapped "{[/api-docs/{swaggerGroup}/{apiDeclaration}],methods=[GET],params=[],headers=[],consumes=[],produces=[],custom=[]}" onto public org.springframework.http.ResponseEntity<com.mangofactory.swagger.models.dto.ApiListing> com.mangofactory.swagger.controllers.DefaultSwaggerController.getApiListing(java.lang.String,java.lang.String)
[NEW_war_exploded] [INFO] [2019-07-06 13:08:08] org.springframework.web.servlet.handler.AbstractHandlerMethodMapping.registerHandlerMethod(182) | 
Mapped "{[/api-docs],methods=[GET],params=[],headers=[],consumes=[],produces=[],custom=[]}" onto public org.springframework.http.ResponseEntity<com.mangofactory.swagger.models.dto.ResourceListing> com.mangofactory.swagger.controllers.DefaultSwaggerController.getResourceListing(java.lang.String)
[NEW_war_exploded] [INFO] [2019-07-06 13:08:09] org.hibernate.validator.internal.util.Version.<clinit>(30) | 
HV000001: Hibernate Validator 5.2.4.Final
[NEW_war_exploded] [INFO] [2019-07-06 13:08:10] org.springframework.web.servlet.handler.AbstractUrlHandlerMapping.registerHandler(315) | 
Mapped URL path [/**] onto handler 'org.springframework.web.servlet.resource.DefaultServletHttpRequestHandler#0'
[NEW_war_exploded] [INFO] [2019-07-06 13:08:10] org.springframework.web.servlet.handler.AbstractUrlHandlerMapping.registerHandler(315) | 
Mapped URL path [/swagger/**] onto handler 'org.springframework.web.servlet.resource.ResourceHttpRequestHandler#0'
[NEW_war_exploded] [INFO] [2019-07-06 13:08:10] com.mangofactory.swagger.plugin.SwaggerPluginAdapter.onApplicationEvent(33) | 
Context refreshed
[NEW_war_exploded] [INFO] [2019-07-06 13:08:10] com.mangofactory.swagger.plugin.SwaggerPluginAdapter.onApplicationEvent(46) | 
Found custom SwaggerSpringMvcPlugins
[NEW_war_exploded] [INFO] [2019-07-06 13:08:10] com.mangofactory.swagger.plugin.SwaggerPluginAdapter.onApplicationEvent(50) | 
initializing plugin bean customImplementation
[NEW_war_exploded] [INFO] [2019-07-06 13:08:10] com.mangofactory.swagger.scanners.ApiListingReferenceScanner.scan(55) | 
Scanning for api listing references
[NEW_war_exploded] [INFO] [2019-07-06 13:08:10] com.mangofactory.swagger.core.ClassOrApiAnnotationResourceGrouping.getResourceGroups(50) | 
Group for method selectArticleById was article-controller
[NEW_war_exploded] [INFO] [2019-07-06 13:08:10] com.mangofactory.swagger.scanners.ApiListingReferenceScanner.scanSpringRequestMappings(78) | 
Request mapping: selectArticleById belongs to groups: [[ResourceGroup{groupName='article-controller', position=0}]] 
[NEW_war_exploded] [INFO] [2019-07-06 13:08:10] com.mangofactory.swagger.scanners.ApiListingReferenceScanner.scanSpringRequestMappings(82) | 
Adding resource to group:ResourceGroup{groupName='article-controller', position=0} with description:Article Controller for handler method:selectArticleById
[NEW_war_exploded] [INFO] [2019-07-06 13:08:10] com.mangofactory.swagger.core.ClassOrApiAnnotationResourceGrouping.getResourceGroups(50) | 
Group for method selectAllCommentByScenicId was article-controller
[NEW_war_exploded] [INFO] [2019-07-06 13:08:10] com.mangofactory.swagger.scanners.ApiListingReferenceScanner.scanSpringRequestMappings(78) | 
Request mapping: selectAllCommentByScenicId belongs to groups: [[ResourceGroup{groupName='article-controller', position=0}]] 
[NEW_war_exploded] [INFO] [2019-07-06 13:08:10] com.mangofactory.swagger.scanners.ApiListingReferenceScanner.scanSpringRequestMappings(82) | 
Adding resource to group:ResourceGroup{groupName='article-controller', position=0} with description:Article Controller for handler method:selectAllCommentByScenicId
[NEW_war_exploded] [INFO] [2019-07-06 13:08:10] com.mangofactory.swagger.core.ClassOrApiAnnotationResourceGrouping.getResourceGroups(50) | 
Group for method selectArticleAll2 was article-controller
[NEW_war_exploded] [INFO] [2019-07-06 13:08:10] com.mangofactory.swagger.scanners.ApiListingReferenceScanner.scanSpringRequestMappings(78) | 
Request mapping: selectArticleAll2 belongs to groups: [[ResourceGroup{groupName='article-controller', position=0}]] 
[NEW_war_exploded] [INFO] [2019-07-06 13:08:10] com.mangofactory.swagger.scanners.ApiListingReferenceScanner.scanSpringRequestMappings(82) | 
Adding resource to group:ResourceGroup{groupName='article-controller', position=0} with description:Article Controller for handler method:selectArticleAll2
[NEW_war_exploded] [INFO] [2019-07-06 13:08:10] com.mangofactory.swagger.core.ClassOrApiAnnotationResourceGrouping.getResourceGroups(50) | 
Group for method selectArticleAll was article-controller
[NEW_war_exploded] [INFO] [2019-07-06 13:08:10] com.mangofactory.swagger.scanners.ApiListingReferenceScanner.scanSpringRequestMappings(78) | 
Request mapping: selectArticleAll belongs to groups: [[ResourceGroup{groupName='article-controller', position=0}]] 
[NEW_war_exploded] [INFO] [2019-07-06 13:08:10] com.mangofactory.swagger.scanners.ApiListingReferenceScanner.scanSpringRequestMappings(82) | 
Adding resource to group:ResourceGroup{groupName='article-controller', position=0} with description:Article Controller for handler method:selectArticleAll
[NEW_war_exploded] [INFO] [2019-07-06 13:08:10] com.mangofactory.swagger.core.ClassOrApiAnnotationResourceGrouping.getResourceGroups(50) | 
Group for method commitComment was article-controller
[NEW_war_exploded] [INFO] [2019-07-06 13:08:10] com.mangofactory.swagger.scanners.ApiListingReferenceScanner.scanSpringRequestMappings(78) | 
Request mapping: commitComment belongs to groups: [[ResourceGroup{groupName='article-controller', position=0}]] 
[NEW_war_exploded] [INFO] [2019-07-06 13:08:10] com.mangofactory.swagger.scanners.ApiListingReferenceScanner.scanSpringRequestMappings(82) | 
Adding resource to group:ResourceGroup{groupName='article-controller', position=0} with description:Article Controller for handler method:commitComment
[NEW_war_exploded] [INFO] [2019-07-06 13:08:10] com.mangofactory.swagger.core.ClassOrApiAnnotationResourceGrouping.getResourceGroups(50) | 
Group for method scenicList was article-controller
[NEW_war_exploded] [INFO] [2019-07-06 13:08:10] com.mangofactory.swagger.scanners.ApiListingReferenceScanner.scanSpringRequestMappings(78) | 
Request mapping: scenicList belongs to groups: [[ResourceGroup{groupName='article-controller', position=0}]] 
[NEW_war_exploded] [INFO] [2019-07-06 13:08:10] com.mangofactory.swagger.scanners.ApiListingReferenceScanner.scanSpringRequestMappings(82) | 
Adding resource to group:ResourceGroup{groupName='article-controller', position=0} with description:Article Controller for handler method:scenicList
[NEW_war_exploded] [INFO] [2019-07-06 13:08:10] com.mangofactory.swagger.core.ClassOrApiAnnotationResourceGrouping.getResourceGroups(50) | 
Group for method addArticle was article-controller
[NEW_war_exploded] [INFO] [2019-07-06 13:08:10] com.mangofactory.swagger.scanners.ApiListingReferenceScanner.scanSpringRequestMappings(78) | 
Request mapping: addArticle belongs to groups: [[ResourceGroup{groupName='article-controller', position=0}]] 
[NEW_war_exploded] [INFO] [2019-07-06 13:08:10] com.mangofactory.swagger.scanners.ApiListingReferenceScanner.scanSpringRequestMappings(82) | 
Adding resource to group:ResourceGroup{groupName='article-controller', position=0} with description:Article Controller for handler method:addArticle
[NEW_war_exploded] [INFO] [2019-07-06 13:08:10] com.mangofactory.swagger.core.ClassOrApiAnnotationResourceGrouping.getResourceGroups(50) | 
Group for method selectArticleAllPost was article-controller
[NEW_war_exploded] [INFO] [2019-07-06 13:08:10] com.mangofactory.swagger.scanners.ApiListingReferenceScanner.scanSpringRequestMappings(78) | 
Request mapping: selectArticleAllPost belongs to groups: [[ResourceGroup{groupName='article-controller', position=0}]] 
[NEW_war_exploded] [INFO] [2019-07-06 13:08:10] com.mangofactory.swagger.scanners.ApiListingReferenceScanner.scanSpringRequestMappings(82) | 
Adding resource to group:ResourceGroup{groupName='article-controller', position=0} with description:Article Controller for handler method:selectArticleAllPost
[NEW_war_exploded] [INFO] [2019-07-06 13:08:10] com.mangofactory.swagger.core.ClassOrApiAnnotationResourceGrouping.getResourceGroups(50) | 
Group for method register was user-controller
[NEW_war_exploded] [INFO] [2019-07-06 13:08:10] com.mangofactory.swagger.scanners.ApiListingReferenceScanner.scanSpringRequestMappings(78) | 
Request mapping: register belongs to groups: [[ResourceGroup{groupName='user-controller', position=0}]] 
[NEW_war_exploded] [INFO] [2019-07-06 13:08:10] com.mangofactory.swagger.scanners.ApiListingReferenceScanner.scanSpringRequestMappings(82) | 
Adding resource to group:ResourceGroup{groupName='user-controller', position=0} with description:User Controller for handler method:register
[NEW_war_exploded] [INFO] [2019-07-06 13:08:10] com.mangofactory.swagger.core.ClassOrApiAnnotationResourceGrouping.getResourceGroups(50) | 
Group for method userList was user-controller
[NEW_war_exploded] [INFO] [2019-07-06 13:08:10] com.mangofactory.swagger.scanners.ApiListingReferenceScanner.scanSpringRequestMappings(78) | 
Request mapping: userList belongs to groups: [[ResourceGroup{groupName='user-controller', position=0}]] 
[NEW_war_exploded] [INFO] [2019-07-06 13:08:10] com.mangofactory.swagger.scanners.ApiListingReferenceScanner.scanSpringRequestMappings(82) | 
Adding resource to group:ResourceGroup{groupName='user-controller', position=0} with description:User Controller for handler method:userList
[NEW_war_exploded] [INFO] [2019-07-06 13:08:10] com.mangofactory.swagger.core.ClassOrApiAnnotationResourceGrouping.getResourceGroups(50) | 
Group for method login was user-controller
[NEW_war_exploded] [INFO] [2019-07-06 13:08:10] com.mangofactory.swagger.scanners.ApiListingReferenceScanner.scanSpringRequestMappings(78) | 
Request mapping: login belongs to groups: [[ResourceGroup{groupName='user-controller', position=0}]] 
[NEW_war_exploded] [INFO] [2019-07-06 13:08:10] com.mangofactory.swagger.scanners.ApiListingReferenceScanner.scanSpringRequestMappings(82) | 
Adding resource to group:ResourceGroup{groupName='user-controller', position=0} with description:User Controller for handler method:login
[NEW_war_exploded] [INFO] [2019-07-06 13:08:10] com.mangofactory.swagger.core.ClassOrApiAnnotationResourceGrouping.getResourceGroups(50) | 
Group for method insertUserByCsv was user-controller
[NEW_war_exploded] [INFO] [2019-07-06 13:08:10] com.mangofactory.swagger.scanners.ApiListingReferenceScanner.scanSpringRequestMappings(78) | 
Request mapping: insertUserByCsv belongs to groups: [[ResourceGroup{groupName='user-controller', position=0}]] 
[NEW_war_exploded] [INFO] [2019-07-06 13:08:10] com.mangofactory.swagger.scanners.ApiListingReferenceScanner.scanSpringRequestMappings(82) | 
Adding resource to group:ResourceGroup{groupName='user-controller', position=0} with description:User Controller for handler method:insertUserByCsv
[NEW_war_exploded] [INFO] [2019-07-06 13:08:10] com.mangofactory.swagger.core.ClassOrApiAnnotationResourceGrouping.getResourceGroups(50) | 
Group for method isexist was user-controller
[NEW_war_exploded] [INFO] [2019-07-06 13:08:10] com.mangofactory.swagger.scanners.ApiListingReferenceScanner.scanSpringRequestMappings(78) | 
Request mapping: isexist belongs to groups: [[ResourceGroup{groupName='user-controller', position=0}]] 
[NEW_war_exploded] [INFO] [2019-07-06 13:08:10] com.mangofactory.swagger.scanners.ApiListingReferenceScanner.scanSpringRequestMappings(82) | 
Adding resource to group:ResourceGroup{groupName='user-controller', position=0} with description:User Controller for handler method:isexist
[NEW_war_exploded] [INFO] [2019-07-06 13:08:10] com.mangofactory.swagger.core.RequestMappingEvaluator.hasIgnoredAnnotatedRequestMapping(74) | 
Excluding method as it contains the excluded annotation: interface com.mangofactory.swagger.annotations.ApiIgnore
[NEW_war_exploded] [INFO] [2019-07-06 13:08:10] com.mangofactory.swagger.core.RequestMappingEvaluator.hasIgnoredAnnotatedRequestMapping(74) | 
Excluding method as it contains the excluded annotation: interface com.mangofactory.swagger.annotations.ApiIgnore
[NEW_war_exploded] [INFO] [2019-07-06 13:08:10] com.mangofactory.swagger.scanners.ApiListingReferenceScanner.scanSpringRequestMappings(96) | 
Created resource listing Path: /default/article-controller Description: article-controller Position: 0
[NEW_war_exploded] [INFO] [2019-07-06 13:08:10] com.mangofactory.swagger.scanners.ApiListingReferenceScanner.scanSpringRequestMappings(96) | 
Created resource listing Path: /default/user-controller Description: user-controller Position: 0
[NEW_war_exploded] [INFO] [2019-07-06 13:08:11] com.mangofactory.swagger.core.SwaggerApiResourceListing.initialize(89) | 
Added a resource listing with (2) api resources: 
[NEW_war_exploded] [INFO] [2019-07-06 13:08:11] com.mangofactory.swagger.core.SwaggerApiResourceListing.initialize(93) | 
  Article Controller at location: /api-docs/default/article-controller
[NEW_war_exploded] [INFO] [2019-07-06 13:08:11] com.mangofactory.swagger.core.SwaggerApiResourceListing.initialize(93) | 
  User Controller at location: /api-docs/default/user-controller
[NEW_war_exploded] [INFO] [2019-07-06 13:08:11] org.springframework.web.servlet.FrameworkServlet.initServletBean(498) | 
FrameworkServlet 'springMVC': initialization completed in 4366 ms
[NEW_war_exploded] [INFO] [2019-07-06 13:12:18] org.springframework.context.support.AbstractApplicationContext.doClose(873) | 
Closing WebApplicationContext for namespace 'springMVC-servlet': startup date [Sat Jul 06 13:08:07 CST 2019]; parent: Root WebApplicationContext
[NEW_war_exploded] [INFO] [2019-07-06 13:12:18] org.springframework.context.support.AbstractApplicationContext.doClose(873) | 
Closing Root WebApplicationContext: startup date [Sat Jul 06 13:08:05 CST 2019]; root of context hierarchy
[NEW_war_exploded] [INFO] [2019-07-06 13:12:51] org.springframework.web.context.ContextLoader.initWebApplicationContext(285) | 
Root WebApplicationContext: initialization started
[NEW_war_exploded] [INFO] [2019-07-06 13:12:51] org.springframework.context.support.AbstractApplicationContext.prepareRefresh(513) | 
Refreshing Root WebApplicationContext: startup date [Sat Jul 06 13:12:51 CST 2019]; root of context hierarchy
[NEW_war_exploded] [INFO] [2019-07-06 13:12:51] org.springframework.beans.factory.xml.XmlBeanDefinitionReader.loadBeanDefinitions(316) | 
Loading XML bean definitions from URL [file:/D:/Documents/Desktop/666/人生地图/NEW/out/artifacts/NEW_war_exploded/WEB-INF/classes/spring-mybatis.xml]
[NEW_war_exploded] [INFO] [2019-07-06 13:12:51] org.springframework.core.io.support.PropertiesLoaderSupport.loadProperties(172) | 
Loading properties file from class path resource [jdbc.properties]
[NEW_war_exploded] [INFO] [2019-07-06 13:12:52] org.springframework.web.context.ContextLoader.initWebApplicationContext(325) | 
Root WebApplicationContext: initialization completed in 1098 ms
[NEW_war_exploded] [INFO] [2019-07-06 13:12:52] org.springframework.web.servlet.FrameworkServlet.initServletBean(479) | 
FrameworkServlet 'springMVC': initialization started
[NEW_war_exploded] [INFO] [2019-07-06 13:12:52] org.springframework.context.support.AbstractApplicationContext.prepareRefresh(513) | 
Refreshing WebApplicationContext for namespace 'springMVC-servlet': startup date [Sat Jul 06 13:12:52 CST 2019]; parent: Root WebApplicationContext
[NEW_war_exploded] [INFO] [2019-07-06 13:12:52] org.springframework.beans.factory.xml.XmlBeanDefinitionReader.loadBeanDefinitions(316) | 
Loading XML bean definitions from URL [file:/D:/Documents/Desktop/666/人生地图/NEW/out/artifacts/NEW_war_exploded/WEB-INF/classes/springMvc.xml]
[NEW_war_exploded] [INFO] [2019-07-06 13:12:53] org.springframework.web.servlet.handler.AbstractHandlerMethodMapping.registerHandlerMethod(182) | 
Mapped "{[/article/selectArticleAllPOST],methods=[],params=[],headers=[],consumes=[],produces=[],custom=[]}" onto public com.dc.base.pojo.BaseModel com.dc.controller.ArticleController.selectArticleAllPost(java.lang.String,java.lang.String,java.lang.String,java.lang.Integer,java.lang.Integer)
[NEW_war_exploded] [INFO] [2019-07-06 13:12:53] org.springframework.web.servlet.handler.AbstractHandlerMethodMapping.registerHandlerMethod(182) | 
Mapped "{[/article/selectArticleAll2],methods=[],params=[],headers=[],consumes=[],produces=[],custom=[]}" onto public com.dc.base.pojo.BaseModel com.dc.controller.ArticleController.selectArticleAll2(java.lang.String,java.lang.String,java.lang.String,java.lang.Integer,java.lang.Integer)
[NEW_war_exploded] [INFO] [2019-07-06 13:12:53] org.springframework.web.servlet.handler.AbstractHandlerMethodMapping.registerHandlerMethod(182) | 
Mapped "{[/article/selectAllCommentByScenicId],methods=[],params=[],headers=[],consumes=[],produces=[],custom=[]}" onto public com.dc.base.pojo.BaseModel com.dc.controller.ArticleController.selectAllCommentByScenicId(int)
[NEW_war_exploded] [INFO] [2019-07-06 13:12:53] org.springframework.web.servlet.handler.AbstractHandlerMethodMapping.registerHandlerMethod(182) | 
Mapped "{[/article/selectArticleById],methods=[],params=[],headers=[],consumes=[],produces=[],custom=[]}" onto public com.dc.base.pojo.BaseModel com.dc.controller.ArticleController.selectArticleById(int)
[NEW_war_exploded] [INFO] [2019-07-06 13:12:53] org.springframework.web.servlet.handler.AbstractHandlerMethodMapping.registerHandlerMethod(182) | 
Mapped "{[/article/selectArticleAll],methods=[],params=[],headers=[],consumes=[],produces=[],custom=[]}" onto public com.dc.base.pojo.BaseModel com.dc.controller.ArticleController.selectArticleAll(java.lang.String,java.lang.String,java.lang.String,java.lang.Integer,java.lang.Integer)
[NEW_war_exploded] [INFO] [2019-07-06 13:12:53] org.springframework.web.servlet.handler.AbstractHandlerMethodMapping.registerHandlerMethod(182) | 
Mapped "{[/article/addArticle],methods=[],params=[],headers=[],consumes=[],produces=[],custom=[]}" onto public com.dc.base.pojo.BaseModel com.dc.controller.ArticleController.addArticle(int,java.lang.String,java.lang.String,int)
[NEW_war_exploded] [INFO] [2019-07-06 13:12:53] org.springframework.web.servlet.handler.AbstractHandlerMethodMapping.registerHandlerMethod(182) | 
Mapped "{[/article/scenicList],methods=[],params=[],headers=[],consumes=[],produces=[],custom=[]}" onto public com.dc.base.pojo.BaseModel com.dc.controller.ArticleController.scenicList()
[NEW_war_exploded] [INFO] [2019-07-06 13:12:53] org.springframework.web.servlet.handler.AbstractHandlerMethodMapping.registerHandlerMethod(182) | 
Mapped "{[/article/commitComment],methods=[],params=[],headers=[],consumes=[],produces=[],custom=[]}" onto public com.dc.base.pojo.BaseModel com.dc.controller.ArticleController.commitComment(int,int,java.lang.String)
[NEW_war_exploded] [INFO] [2019-07-06 13:12:53] org.springframework.web.servlet.handler.AbstractHandlerMethodMapping.registerHandlerMethod(182) | 
Mapped "{[/user/register],methods=[],params=[],headers=[],consumes=[],produces=[],custom=[]}" onto public com.dc.base.pojo.BaseModel com.dc.controller.UserController.register(java.lang.String,java.lang.String)
[NEW_war_exploded] [INFO] [2019-07-06 13:12:53] org.springframework.web.servlet.handler.AbstractHandlerMethodMapping.registerHandlerMethod(182) | 
Mapped "{[/user/userList],methods=[],params=[],headers=[],consumes=[],produces=[],custom=[]}" onto public com.dc.base.pojo.BaseModel com.dc.controller.UserController.userList()
[NEW_war_exploded] [INFO] [2019-07-06 13:12:53] org.springframework.web.servlet.handler.AbstractHandlerMethodMapping.registerHandlerMethod(182) | 
Mapped "{[/user/login],methods=[],params=[],headers=[],consumes=[],produces=[],custom=[]}" onto public com.dc.base.pojo.BaseModel com.dc.controller.UserController.login(java.lang.String,java.lang.String)
[NEW_war_exploded] [INFO] [2019-07-06 13:12:53] org.springframework.web.servlet.handler.AbstractHandlerMethodMapping.registerHandlerMethod(182) | 
Mapped "{[/user/isexist],methods=[],params=[],headers=[],consumes=[],produces=[],custom=[]}" onto public com.dc.base.pojo.BaseModel com.dc.controller.UserController.isexist(java.lang.String)
[NEW_war_exploded] [INFO] [2019-07-06 13:12:53] org.springframework.web.servlet.handler.AbstractHandlerMethodMapping.registerHandlerMethod(182) | 
Mapped "{[/user/insertUserByCsv],methods=[],params=[],headers=[],consumes=[],produces=[],custom=[]}" onto public com.dc.base.pojo.BaseModel com.dc.controller.UserController.insertUserByCsv()
[NEW_war_exploded] [INFO] [2019-07-06 13:12:53] org.springframework.web.servlet.handler.AbstractHandlerMethodMapping.registerHandlerMethod(182) | 
Mapped "{[/api-docs/{swaggerGroup}/{apiDeclaration}],methods=[GET],params=[],headers=[],consumes=[],produces=[],custom=[]}" onto public org.springframework.http.ResponseEntity<com.mangofactory.swagger.models.dto.ApiListing> com.mangofactory.swagger.controllers.DefaultSwaggerController.getApiListing(java.lang.String,java.lang.String)
[NEW_war_exploded] [INFO] [2019-07-06 13:12:53] org.springframework.web.servlet.handler.AbstractHandlerMethodMapping.registerHandlerMethod(182) | 
Mapped "{[/api-docs],methods=[GET],params=[],headers=[],consumes=[],produces=[],custom=[]}" onto public org.springframework.http.ResponseEntity<com.mangofactory.swagger.models.dto.ResourceListing> com.mangofactory.swagger.controllers.DefaultSwaggerController.getResourceListing(java.lang.String)
[NEW_war_exploded] [INFO] [2019-07-06 13:12:53] org.hibernate.validator.internal.util.Version.<clinit>(30) | 
HV000001: Hibernate Validator 5.2.4.Final
[NEW_war_exploded] [INFO] [2019-07-06 13:12:54] org.springframework.web.servlet.handler.AbstractUrlHandlerMapping.registerHandler(315) | 
Mapped URL path [/**] onto handler 'org.springframework.web.servlet.resource.DefaultServletHttpRequestHandler#0'
[NEW_war_exploded] [INFO] [2019-07-06 13:12:54] org.springframework.web.servlet.handler.AbstractUrlHandlerMapping.registerHandler(315) | 
Mapped URL path [/swagger/**] onto handler 'org.springframework.web.servlet.resource.ResourceHttpRequestHandler#0'
[NEW_war_exploded] [INFO] [2019-07-06 13:12:54] com.mangofactory.swagger.plugin.SwaggerPluginAdapter.onApplicationEvent(33) | 
Context refreshed
[NEW_war_exploded] [INFO] [2019-07-06 13:12:54] com.mangofactory.swagger.plugin.SwaggerPluginAdapter.onApplicationEvent(46) | 
Found custom SwaggerSpringMvcPlugins
[NEW_war_exploded] [INFO] [2019-07-06 13:12:54] com.mangofactory.swagger.plugin.SwaggerPluginAdapter.onApplicationEvent(50) | 
initializing plugin bean customImplementation
[NEW_war_exploded] [INFO] [2019-07-06 13:12:54] com.mangofactory.swagger.scanners.ApiListingReferenceScanner.scan(55) | 
Scanning for api listing references
[NEW_war_exploded] [INFO] [2019-07-06 13:12:54] com.mangofactory.swagger.core.ClassOrApiAnnotationResourceGrouping.getResourceGroups(50) | 
Group for method selectArticleAllPost was article-controller
[NEW_war_exploded] [INFO] [2019-07-06 13:12:54] com.mangofactory.swagger.scanners.ApiListingReferenceScanner.scanSpringRequestMappings(78) | 
Request mapping: selectArticleAllPost belongs to groups: [[ResourceGroup{groupName='article-controller', position=0}]] 
[NEW_war_exploded] [INFO] [2019-07-06 13:12:54] com.mangofactory.swagger.scanners.ApiListingReferenceScanner.scanSpringRequestMappings(82) | 
Adding resource to group:ResourceGroup{groupName='article-controller', position=0} with description:Article Controller for handler method:selectArticleAllPost
[NEW_war_exploded] [INFO] [2019-07-06 13:12:54] com.mangofactory.swagger.core.ClassOrApiAnnotationResourceGrouping.getResourceGroups(50) | 
Group for method selectArticleAll2 was article-controller
[NEW_war_exploded] [INFO] [2019-07-06 13:12:54] com.mangofactory.swagger.scanners.ApiListingReferenceScanner.scanSpringRequestMappings(78) | 
Request mapping: selectArticleAll2 belongs to groups: [[ResourceGroup{groupName='article-controller', position=0}]] 
[NEW_war_exploded] [INFO] [2019-07-06 13:12:54] com.mangofactory.swagger.scanners.ApiListingReferenceScanner.scanSpringRequestMappings(82) | 
Adding resource to group:ResourceGroup{groupName='article-controller', position=0} with description:Article Controller for handler method:selectArticleAll2
[NEW_war_exploded] [INFO] [2019-07-06 13:12:54] com.mangofactory.swagger.core.ClassOrApiAnnotationResourceGrouping.getResourceGroups(50) | 
Group for method selectAllCommentByScenicId was article-controller
[NEW_war_exploded] [INFO] [2019-07-06 13:12:54] com.mangofactory.swagger.scanners.ApiListingReferenceScanner.scanSpringRequestMappings(78) | 
Request mapping: selectAllCommentByScenicId belongs to groups: [[ResourceGroup{groupName='article-controller', position=0}]] 
[NEW_war_exploded] [INFO] [2019-07-06 13:12:54] com.mangofactory.swagger.scanners.ApiListingReferenceScanner.scanSpringRequestMappings(82) | 
Adding resource to group:ResourceGroup{groupName='article-controller', position=0} with description:Article Controller for handler method:selectAllCommentByScenicId
[NEW_war_exploded] [INFO] [2019-07-06 13:12:54] com.mangofactory.swagger.core.ClassOrApiAnnotationResourceGrouping.getResourceGroups(50) | 
Group for method selectArticleById was article-controller
[NEW_war_exploded] [INFO] [2019-07-06 13:12:54] com.mangofactory.swagger.scanners.ApiListingReferenceScanner.scanSpringRequestMappings(78) | 
Request mapping: selectArticleById belongs to groups: [[ResourceGroup{groupName='article-controller', position=0}]] 
[NEW_war_exploded] [INFO] [2019-07-06 13:12:54] com.mangofactory.swagger.scanners.ApiListingReferenceScanner.scanSpringRequestMappings(82) | 
Adding resource to group:ResourceGroup{groupName='article-controller', position=0} with description:Article Controller for handler method:selectArticleById
[NEW_war_exploded] [INFO] [2019-07-06 13:12:54] com.mangofactory.swagger.core.ClassOrApiAnnotationResourceGrouping.getResourceGroups(50) | 
Group for method selectArticleAll was article-controller
[NEW_war_exploded] [INFO] [2019-07-06 13:12:54] com.mangofactory.swagger.scanners.ApiListingReferenceScanner.scanSpringRequestMappings(78) | 
Request mapping: selectArticleAll belongs to groups: [[ResourceGroup{groupName='article-controller', position=0}]] 
[NEW_war_exploded] [INFO] [2019-07-06 13:12:54] com.mangofactory.swagger.scanners.ApiListingReferenceScanner.scanSpringRequestMappings(82) | 
Adding resource to group:ResourceGroup{groupName='article-controller', position=0} with description:Article Controller for handler method:selectArticleAll
[NEW_war_exploded] [INFO] [2019-07-06 13:12:54] com.mangofactory.swagger.core.ClassOrApiAnnotationResourceGrouping.getResourceGroups(50) | 
Group for method addArticle was article-controller
[NEW_war_exploded] [INFO] [2019-07-06 13:12:54] com.mangofactory.swagger.scanners.ApiListingReferenceScanner.scanSpringRequestMappings(78) | 
Request mapping: addArticle belongs to groups: [[ResourceGroup{groupName='article-controller', position=0}]] 
[NEW_war_exploded] [INFO] [2019-07-06 13:12:54] com.mangofactory.swagger.scanners.ApiListingReferenceScanner.scanSpringRequestMappings(82) | 
Adding resource to group:ResourceGroup{groupName='article-controller', position=0} with description:Article Controller for handler method:addArticle
[NEW_war_exploded] [INFO] [2019-07-06 13:12:54] com.mangofactory.swagger.core.ClassOrApiAnnotationResourceGrouping.getResourceGroups(50) | 
Group for method scenicList was article-controller
[NEW_war_exploded] [INFO] [2019-07-06 13:12:54] com.mangofactory.swagger.scanners.ApiListingReferenceScanner.scanSpringRequestMappings(78) | 
Request mapping: scenicList belongs to groups: [[ResourceGroup{groupName='article-controller', position=0}]] 
[NEW_war_exploded] [INFO] [2019-07-06 13:12:54] com.mangofactory.swagger.scanners.ApiListingReferenceScanner.scanSpringRequestMappings(82) | 
Adding resource to group:ResourceGroup{groupName='article-controller', position=0} with description:Article Controller for handler method:scenicList
[NEW_war_exploded] [INFO] [2019-07-06 13:12:54] com.mangofactory.swagger.core.ClassOrApiAnnotationResourceGrouping.getResourceGroups(50) | 
Group for method commitComment was article-controller
[NEW_war_exploded] [INFO] [2019-07-06 13:12:54] com.mangofactory.swagger.scanners.ApiListingReferenceScanner.scanSpringRequestMappings(78) | 
Request mapping: commitComment belongs to groups: [[ResourceGroup{groupName='article-controller', position=0}]] 
[NEW_war_exploded] [INFO] [2019-07-06 13:12:54] com.mangofactory.swagger.scanners.ApiListingReferenceScanner.scanSpringRequestMappings(82) | 
Adding resource to group:ResourceGroup{groupName='article-controller', position=0} with description:Article Controller for handler method:commitComment
[NEW_war_exploded] [INFO] [2019-07-06 13:12:54] com.mangofactory.swagger.core.ClassOrApiAnnotationResourceGrouping.getResourceGroups(50) | 
Group for method register was user-controller
[NEW_war_exploded] [INFO] [2019-07-06 13:12:54] com.mangofactory.swagger.scanners.ApiListingReferenceScanner.scanSpringRequestMappings(78) | 
Request mapping: register belongs to groups: [[ResourceGroup{groupName='user-controller', position=0}]] 
[NEW_war_exploded] [INFO] [2019-07-06 13:12:54] com.mangofactory.swagger.scanners.ApiListingReferenceScanner.scanSpringRequestMappings(82) | 
Adding resource to group:ResourceGroup{groupName='user-controller', position=0} with description:User Controller for handler method:register
[NEW_war_exploded] [INFO] [2019-07-06 13:12:54] com.mangofactory.swagger.core.ClassOrApiAnnotationResourceGrouping.getResourceGroups(50) | 
Group for method userList was user-controller
[NEW_war_exploded] [INFO] [2019-07-06 13:12:54] com.mangofactory.swagger.scanners.ApiListingReferenceScanner.scanSpringRequestMappings(78) | 
Request mapping: userList belongs to groups: [[ResourceGroup{groupName='user-controller', position=0}]] 
[NEW_war_exploded] [INFO] [2019-07-06 13:12:54] com.mangofactory.swagger.scanners.ApiListingReferenceScanner.scanSpringRequestMappings(82) | 
Adding resource to group:ResourceGroup{groupName='user-controller', position=0} with description:User Controller for handler method:userList
[NEW_war_exploded] [INFO] [2019-07-06 13:12:54] com.mangofactory.swagger.core.ClassOrApiAnnotationResourceGrouping.getResourceGroups(50) | 
Group for method login was user-controller
[NEW_war_exploded] [INFO] [2019-07-06 13:12:54] com.mangofactory.swagger.scanners.ApiListingReferenceScanner.scanSpringRequestMappings(78) | 
Request mapping: login belongs to groups: [[ResourceGroup{groupName='user-controller', position=0}]] 
[NEW_war_exploded] [INFO] [2019-07-06 13:12:54] com.mangofactory.swagger.scanners.ApiListingReferenceScanner.scanSpringRequestMappings(82) | 
Adding resource to group:ResourceGroup{groupName='user-controller', position=0} with description:User Controller for handler method:login
[NEW_war_exploded] [INFO] [2019-07-06 13:12:54] com.mangofactory.swagger.core.ClassOrApiAnnotationResourceGrouping.getResourceGroups(50) | 
Group for method isexist was user-controller
[NEW_war_exploded] [INFO] [2019-07-06 13:12:54] com.mangofactory.swagger.scanners.ApiListingReferenceScanner.scanSpringRequestMappings(78) | 
Request mapping: isexist belongs to groups: [[ResourceGroup{groupName='user-controller', position=0}]] 
[NEW_war_exploded] [INFO] [2019-07-06 13:12:54] com.mangofactory.swagger.scanners.ApiListingReferenceScanner.scanSpringRequestMappings(82) | 
Adding resource to group:ResourceGroup{groupName='user-controller', position=0} with description:User Controller for handler method:isexist
[NEW_war_exploded] [INFO] [2019-07-06 13:12:54] com.mangofactory.swagger.core.ClassOrApiAnnotationResourceGrouping.getResourceGroups(50) | 
Group for method insertUserByCsv was user-controller
[NEW_war_exploded] [INFO] [2019-07-06 13:12:54] com.mangofactory.swagger.scanners.ApiListingReferenceScanner.scanSpringRequestMappings(78) | 
Request mapping: insertUserByCsv belongs to groups: [[ResourceGroup{groupName='user-controller', position=0}]] 
[NEW_war_exploded] [INFO] [2019-07-06 13:12:54] com.mangofactory.swagger.scanners.ApiListingReferenceScanner.scanSpringRequestMappings(82) | 
Adding resource to group:ResourceGroup{groupName='user-controller', position=0} with description:User Controller for handler method:insertUserByCsv
[NEW_war_exploded] [INFO] [2019-07-06 13:12:54] com.mangofactory.swagger.core.RequestMappingEvaluator.hasIgnoredAnnotatedRequestMapping(74) | 
Excluding method as it contains the excluded annotation: interface com.mangofactory.swagger.annotations.ApiIgnore
[NEW_war_exploded] [INFO] [2019-07-06 13:12:54] com.mangofactory.swagger.core.RequestMappingEvaluator.hasIgnoredAnnotatedRequestMapping(74) | 
Excluding method as it contains the excluded annotation: interface com.mangofactory.swagger.annotations.ApiIgnore
[NEW_war_exploded] [INFO] [2019-07-06 13:12:54] com.mangofactory.swagger.scanners.ApiListingReferenceScanner.scanSpringRequestMappings(96) | 
Created resource listing Path: /default/article-controller Description: article-controller Position: 0
[NEW_war_exploded] [INFO] [2019-07-06 13:12:54] com.mangofactory.swagger.scanners.ApiListingReferenceScanner.scanSpringRequestMappings(96) | 
Created resource listing Path: /default/user-controller Description: user-controller Position: 0
[NEW_war_exploded] [INFO] [2019-07-06 13:12:55] com.mangofactory.swagger.core.SwaggerApiResourceListing.initialize(89) | 
Added a resource listing with (2) api resources: 
[NEW_war_exploded] [INFO] [2019-07-06 13:12:55] com.mangofactory.swagger.core.SwaggerApiResourceListing.initialize(93) | 
  Article Controller at location: /api-docs/default/article-controller
[NEW_war_exploded] [INFO] [2019-07-06 13:12:55] com.mangofactory.swagger.core.SwaggerApiResourceListing.initialize(93) | 
  User Controller at location: /api-docs/default/user-controller
[NEW_war_exploded] [INFO] [2019-07-06 13:12:55] org.springframework.web.servlet.FrameworkServlet.initServletBean(498) | 
FrameworkServlet 'springMVC': initialization completed in 3216 ms
[NEW_war_exploded] [INFO] [2019-07-06 13:48:12] org.springframework.context.support.AbstractApplicationContext.doClose(873) | 
Closing WebApplicationContext for namespace 'springMVC-servlet': startup date [Sat Jul 06 13:12:52 CST 2019]; parent: Root WebApplicationContext
[NEW_war_exploded] [INFO] [2019-07-06 13:48:12] org.springframework.context.support.AbstractApplicationContext.doClose(873) | 
Closing Root WebApplicationContext: startup date [Sat Jul 06 13:12:51 CST 2019]; root of context hierarchy
[NEW_war_exploded] [INFO] [2019-07-06 14:28:49] org.springframework.web.context.ContextLoader.initWebApplicationContext(285) | 
Root WebApplicationContext: initialization started
[NEW_war_exploded] [INFO] [2019-07-06 14:28:49] org.springframework.context.support.AbstractApplicationContext.prepareRefresh(513) | 
Refreshing Root WebApplicationContext: startup date [Sat Jul 06 14:28:49 CST 2019]; root of context hierarchy
[NEW_war_exploded] [INFO] [2019-07-06 14:28:49] org.springframework.beans.factory.xml.XmlBeanDefinitionReader.loadBeanDefinitions(316) | 
Loading XML bean definitions from URL [file:/D:/Documents/Desktop/短学期/短学期项目/NEW/out/artifacts/NEW_war_exploded/WEB-INF/classes/spring-mybatis.xml]
[NEW_war_exploded] [INFO] [2019-07-06 14:28:50] org.springframework.core.io.support.PropertiesLoaderSupport.loadProperties(172) | 
Loading properties file from class path resource [jdbc.properties]
[NEW_war_exploded] [INFO] [2019-07-06 14:28:51] org.springframework.web.context.ContextLoader.initWebApplicationContext(325) | 
Root WebApplicationContext: initialization completed in 1922 ms
[NEW_war_exploded] [INFO] [2019-07-06 14:28:51] org.springframework.web.servlet.FrameworkServlet.initServletBean(479) | 
FrameworkServlet 'springMVC': initialization started
[NEW_war_exploded] [INFO] [2019-07-06 14:28:51] org.springframework.context.support.AbstractApplicationContext.prepareRefresh(513) | 
Refreshing WebApplicationContext for namespace 'springMVC-servlet': startup date [Sat Jul 06 14:28:51 CST 2019]; parent: Root WebApplicationContext
[NEW_war_exploded] [INFO] [2019-07-06 14:28:51] org.springframework.beans.factory.xml.XmlBeanDefinitionReader.loadBeanDefinitions(316) | 
Loading XML bean definitions from URL [file:/D:/Documents/Desktop/短学期/短学期项目/NEW/out/artifacts/NEW_war_exploded/WEB-INF/classes/springMvc.xml]
[NEW_war_exploded] [INFO] [2019-07-06 14:29:03] org.springframework.web.servlet.handler.AbstractHandlerMethodMapping.registerHandlerMethod(182) | 
Mapped "{[/article/selectAllCommentByScenicId],methods=[],params=[],headers=[],consumes=[],produces=[],custom=[]}" onto public com.dc.base.pojo.BaseModel com.dc.controller.ArticleController.selectAllCommentByScenicId(int)
[NEW_war_exploded] [INFO] [2019-07-06 14:29:03] org.springframework.web.servlet.handler.AbstractHandlerMethodMapping.registerHandlerMethod(182) | 
Mapped "{[/article/selectArticleAll2],methods=[],params=[],headers=[],consumes=[],produces=[],custom=[]}" onto public com.dc.base.pojo.BaseModel com.dc.controller.ArticleController.selectArticleAll2(java.lang.String,java.lang.String,java.lang.String,java.lang.Integer,java.lang.Integer)
[NEW_war_exploded] [INFO] [2019-07-06 14:29:03] org.springframework.web.servlet.handler.AbstractHandlerMethodMapping.registerHandlerMethod(182) | 
Mapped "{[/article/selectArticleById],methods=[],params=[],headers=[],consumes=[],produces=[],custom=[]}" onto public com.dc.base.pojo.BaseModel com.dc.controller.ArticleController.selectArticleById(int)
[NEW_war_exploded] [INFO] [2019-07-06 14:29:03] org.springframework.web.servlet.handler.AbstractHandlerMethodMapping.registerHandlerMethod(182) | 
Mapped "{[/article/selectArticleAllPOST],methods=[],params=[],headers=[],consumes=[],produces=[],custom=[]}" onto public com.dc.base.pojo.BaseModel com.dc.controller.ArticleController.selectArticleAllPost(java.lang.String,java.lang.String,java.lang.String,java.lang.Integer,java.lang.Integer)
[NEW_war_exploded] [INFO] [2019-07-06 14:29:03] org.springframework.web.servlet.handler.AbstractHandlerMethodMapping.registerHandlerMethod(182) | 
Mapped "{[/article/commitComment],methods=[],params=[],headers=[],consumes=[],produces=[],custom=[]}" onto public com.dc.base.pojo.BaseModel com.dc.controller.ArticleController.commitComment(int,int,java.lang.String)
[NEW_war_exploded] [INFO] [2019-07-06 14:29:03] org.springframework.web.servlet.handler.AbstractHandlerMethodMapping.registerHandlerMethod(182) | 
Mapped "{[/article/selectArticleAll],methods=[],params=[],headers=[],consumes=[],produces=[],custom=[]}" onto public com.dc.base.pojo.BaseModel com.dc.controller.ArticleController.selectArticleAll(java.lang.String,java.lang.String,java.lang.String,java.lang.Integer,java.lang.Integer)
[NEW_war_exploded] [INFO] [2019-07-06 14:29:03] org.springframework.web.servlet.handler.AbstractHandlerMethodMapping.registerHandlerMethod(182) | 
Mapped "{[/article/addArticle],methods=[],params=[],headers=[],consumes=[],produces=[],custom=[]}" onto public com.dc.base.pojo.BaseModel com.dc.controller.ArticleController.addArticle(int,java.lang.String,java.lang.String,int)
[NEW_war_exploded] [INFO] [2019-07-06 14:29:03] org.springframework.web.servlet.handler.AbstractHandlerMethodMapping.registerHandlerMethod(182) | 
Mapped "{[/article/scenicList],methods=[],params=[],headers=[],consumes=[],produces=[],custom=[]}" onto public com.dc.base.pojo.BaseModel com.dc.controller.ArticleController.scenicList()
[NEW_war_exploded] [INFO] [2019-07-06 14:29:03] org.springframework.web.servlet.handler.AbstractHandlerMethodMapping.registerHandlerMethod(182) | 
Mapped "{[/user/register],methods=[],params=[],headers=[],consumes=[],produces=[],custom=[]}" onto public com.dc.base.pojo.BaseModel com.dc.controller.UserController.register(java.lang.String,java.lang.String)
[NEW_war_exploded] [INFO] [2019-07-06 14:29:03] org.springframework.web.servlet.handler.AbstractHandlerMethodMapping.registerHandlerMethod(182) | 
Mapped "{[/user/userList],methods=[],params=[],headers=[],consumes=[],produces=[],custom=[]}" onto public com.dc.base.pojo.BaseModel com.dc.controller.UserController.userList()
[NEW_war_exploded] [INFO] [2019-07-06 14:29:03] org.springframework.web.servlet.handler.AbstractHandlerMethodMapping.registerHandlerMethod(182) | 
Mapped "{[/user/login],methods=[],params=[],headers=[],consumes=[],produces=[],custom=[]}" onto public com.dc.base.pojo.BaseModel com.dc.controller.UserController.login(java.lang.String,java.lang.String)
[NEW_war_exploded] [INFO] [2019-07-06 14:29:03] org.springframework.web.servlet.handler.AbstractHandlerMethodMapping.registerHandlerMethod(182) | 
Mapped "{[/user/insertUserByCsv],methods=[],params=[],headers=[],consumes=[],produces=[],custom=[]}" onto public com.dc.base.pojo.BaseModel com.dc.controller.UserController.insertUserByCsv()
[NEW_war_exploded] [INFO] [2019-07-06 14:29:03] org.springframework.web.servlet.handler.AbstractHandlerMethodMapping.registerHandlerMethod(182) | 
Mapped "{[/user/isexist],methods=[],params=[],headers=[],consumes=[],produces=[],custom=[]}" onto public com.dc.base.pojo.BaseModel com.dc.controller.UserController.isexist(java.lang.String)
[NEW_war_exploded] [INFO] [2019-07-06 14:29:03] org.springframework.web.servlet.handler.AbstractHandlerMethodMapping.registerHandlerMethod(182) | 
Mapped "{[/api-docs],methods=[GET],params=[],headers=[],consumes=[],produces=[],custom=[]}" onto public org.springframework.http.ResponseEntity<com.mangofactory.swagger.models.dto.ResourceListing> com.mangofactory.swagger.controllers.DefaultSwaggerController.getResourceListing(java.lang.String)
[NEW_war_exploded] [INFO] [2019-07-06 14:29:03] org.springframework.web.servlet.handler.AbstractHandlerMethodMapping.registerHandlerMethod(182) | 
Mapped "{[/api-docs/{swaggerGroup}/{apiDeclaration}],methods=[GET],params=[],headers=[],consumes=[],produces=[],custom=[]}" onto public org.springframework.http.ResponseEntity<com.mangofactory.swagger.models.dto.ApiListing> com.mangofactory.swagger.controllers.DefaultSwaggerController.getApiListing(java.lang.String,java.lang.String)
[NEW_war_exploded] [INFO] [2019-07-06 14:29:03] org.hibernate.validator.internal.util.Version.<clinit>(30) | 
HV000001: Hibernate Validator 5.2.4.Final
[NEW_war_exploded] [INFO] [2019-07-06 14:29:04] org.springframework.web.servlet.handler.AbstractUrlHandlerMapping.registerHandler(315) | 
Mapped URL path [/**] onto handler 'org.springframework.web.servlet.resource.DefaultServletHttpRequestHandler#0'
[NEW_war_exploded] [INFO] [2019-07-06 14:29:04] org.springframework.web.servlet.handler.AbstractUrlHandlerMapping.registerHandler(315) | 
Mapped URL path [/swagger/**] onto handler 'org.springframework.web.servlet.resource.ResourceHttpRequestHandler#0'
[NEW_war_exploded] [INFO] [2019-07-06 14:29:05] com.mangofactory.swagger.plugin.SwaggerPluginAdapter.onApplicationEvent(33) | 
Context refreshed
[NEW_war_exploded] [INFO] [2019-07-06 14:29:05] com.mangofactory.swagger.plugin.SwaggerPluginAdapter.onApplicationEvent(46) | 
Found custom SwaggerSpringMvcPlugins
[NEW_war_exploded] [INFO] [2019-07-06 14:29:05] com.mangofactory.swagger.plugin.SwaggerPluginAdapter.onApplicationEvent(50) | 
initializing plugin bean customImplementation
[NEW_war_exploded] [INFO] [2019-07-06 14:29:05] com.mangofactory.swagger.scanners.ApiListingReferenceScanner.scan(55) | 
Scanning for api listing references
[NEW_war_exploded] [INFO] [2019-07-06 14:29:05] com.mangofactory.swagger.core.ClassOrApiAnnotationResourceGrouping.getResourceGroups(50) | 
Group for method selectAllCommentByScenicId was article-controller
[NEW_war_exploded] [INFO] [2019-07-06 14:29:05] com.mangofactory.swagger.scanners.ApiListingReferenceScanner.scanSpringRequestMappings(78) | 
Request mapping: selectAllCommentByScenicId belongs to groups: [[ResourceGroup{groupName='article-controller', position=0}]] 
[NEW_war_exploded] [INFO] [2019-07-06 14:29:05] com.mangofactory.swagger.scanners.ApiListingReferenceScanner.scanSpringRequestMappings(82) | 
Adding resource to group:ResourceGroup{groupName='article-controller', position=0} with description:Article Controller for handler method:selectAllCommentByScenicId
[NEW_war_exploded] [INFO] [2019-07-06 14:29:05] com.mangofactory.swagger.core.ClassOrApiAnnotationResourceGrouping.getResourceGroups(50) | 
Group for method selectArticleAll2 was article-controller
[NEW_war_exploded] [INFO] [2019-07-06 14:29:05] com.mangofactory.swagger.scanners.ApiListingReferenceScanner.scanSpringRequestMappings(78) | 
Request mapping: selectArticleAll2 belongs to groups: [[ResourceGroup{groupName='article-controller', position=0}]] 
[NEW_war_exploded] [INFO] [2019-07-06 14:29:05] com.mangofactory.swagger.scanners.ApiListingReferenceScanner.scanSpringRequestMappings(82) | 
Adding resource to group:ResourceGroup{groupName='article-controller', position=0} with description:Article Controller for handler method:selectArticleAll2
[NEW_war_exploded] [INFO] [2019-07-06 14:29:05] com.mangofactory.swagger.core.ClassOrApiAnnotationResourceGrouping.getResourceGroups(50) | 
Group for method selectArticleById was article-controller
[NEW_war_exploded] [INFO] [2019-07-06 14:29:05] com.mangofactory.swagger.scanners.ApiListingReferenceScanner.scanSpringRequestMappings(78) | 
Request mapping: selectArticleById belongs to groups: [[ResourceGroup{groupName='article-controller', position=0}]] 
[NEW_war_exploded] [INFO] [2019-07-06 14:29:05] com.mangofactory.swagger.scanners.ApiListingReferenceScanner.scanSpringRequestMappings(82) | 
Adding resource to group:ResourceGroup{groupName='article-controller', position=0} with description:Article Controller for handler method:selectArticleById
[NEW_war_exploded] [INFO] [2019-07-06 14:29:05] com.mangofactory.swagger.core.ClassOrApiAnnotationResourceGrouping.getResourceGroups(50) | 
Group for method selectArticleAllPost was article-controller
[NEW_war_exploded] [INFO] [2019-07-06 14:29:05] com.mangofactory.swagger.scanners.ApiListingReferenceScanner.scanSpringRequestMappings(78) | 
Request mapping: selectArticleAllPost belongs to groups: [[ResourceGroup{groupName='article-controller', position=0}]] 
[NEW_war_exploded] [INFO] [2019-07-06 14:29:05] com.mangofactory.swagger.scanners.ApiListingReferenceScanner.scanSpringRequestMappings(82) | 
Adding resource to group:ResourceGroup{groupName='article-controller', position=0} with description:Article Controller for handler method:selectArticleAllPost
[NEW_war_exploded] [INFO] [2019-07-06 14:29:05] com.mangofactory.swagger.core.ClassOrApiAnnotationResourceGrouping.getResourceGroups(50) | 
Group for method commitComment was article-controller
[NEW_war_exploded] [INFO] [2019-07-06 14:29:05] com.mangofactory.swagger.scanners.ApiListingReferenceScanner.scanSpringRequestMappings(78) | 
Request mapping: commitComment belongs to groups: [[ResourceGroup{groupName='article-controller', position=0}]] 
[NEW_war_exploded] [INFO] [2019-07-06 14:29:05] com.mangofactory.swagger.scanners.ApiListingReferenceScanner.scanSpringRequestMappings(82) | 
Adding resource to group:ResourceGroup{groupName='article-controller', position=0} with description:Article Controller for handler method:commitComment
[NEW_war_exploded] [INFO] [2019-07-06 14:29:05] com.mangofactory.swagger.core.ClassOrApiAnnotationResourceGrouping.getResourceGroups(50) | 
Group for method selectArticleAll was article-controller
[NEW_war_exploded] [INFO] [2019-07-06 14:29:05] com.mangofactory.swagger.scanners.ApiListingReferenceScanner.scanSpringRequestMappings(78) | 
Request mapping: selectArticleAll belongs to groups: [[ResourceGroup{groupName='article-controller', position=0}]] 
[NEW_war_exploded] [INFO] [2019-07-06 14:29:05] com.mangofactory.swagger.scanners.ApiListingReferenceScanner.scanSpringRequestMappings(82) | 
Adding resource to group:ResourceGroup{groupName='article-controller', position=0} with description:Article Controller for handler method:selectArticleAll
[NEW_war_exploded] [INFO] [2019-07-06 14:29:05] com.mangofactory.swagger.core.ClassOrApiAnnotationResourceGrouping.getResourceGroups(50) | 
Group for method addArticle was article-controller
[NEW_war_exploded] [INFO] [2019-07-06 14:29:05] com.mangofactory.swagger.scanners.ApiListingReferenceScanner.scanSpringRequestMappings(78) | 
Request mapping: addArticle belongs to groups: [[ResourceGroup{groupName='article-controller', position=0}]] 
[NEW_war_exploded] [INFO] [2019-07-06 14:29:05] com.mangofactory.swagger.scanners.ApiListingReferenceScanner.scanSpringRequestMappings(82) | 
Adding resource to group:ResourceGroup{groupName='article-controller', position=0} with description:Article Controller for handler method:addArticle
[NEW_war_exploded] [INFO] [2019-07-06 14:29:05] com.mangofactory.swagger.core.ClassOrApiAnnotationResourceGrouping.getResourceGroups(50) | 
Group for method scenicList was article-controller
[NEW_war_exploded] [INFO] [2019-07-06 14:29:05] com.mangofactory.swagger.scanners.ApiListingReferenceScanner.scanSpringRequestMappings(78) | 
Request mapping: scenicList belongs to groups: [[ResourceGroup{groupName='article-controller', position=0}]] 
[NEW_war_exploded] [INFO] [2019-07-06 14:29:05] com.mangofactory.swagger.scanners.ApiListingReferenceScanner.scanSpringRequestMappings(82) | 
Adding resource to group:ResourceGroup{groupName='article-controller', position=0} with description:Article Controller for handler method:scenicList
[NEW_war_exploded] [INFO] [2019-07-06 14:29:05] com.mangofactory.swagger.core.ClassOrApiAnnotationResourceGrouping.getResourceGroups(50) | 
Group for method register was user-controller
[NEW_war_exploded] [INFO] [2019-07-06 14:29:05] com.mangofactory.swagger.scanners.ApiListingReferenceScanner.scanSpringRequestMappings(78) | 
Request mapping: register belongs to groups: [[ResourceGroup{groupName='user-controller', position=0}]] 
[NEW_war_exploded] [INFO] [2019-07-06 14:29:05] com.mangofactory.swagger.scanners.ApiListingReferenceScanner.scanSpringRequestMappings(82) | 
Adding resource to group:ResourceGroup{groupName='user-controller', position=0} with description:User Controller for handler method:register
[NEW_war_exploded] [INFO] [2019-07-06 14:29:05] com.mangofactory.swagger.core.ClassOrApiAnnotationResourceGrouping.getResourceGroups(50) | 
Group for method userList was user-controller
[NEW_war_exploded] [INFO] [2019-07-06 14:29:05] com.mangofactory.swagger.scanners.ApiListingReferenceScanner.scanSpringRequestMappings(78) | 
Request mapping: userList belongs to groups: [[ResourceGroup{groupName='user-controller', position=0}]] 
[NEW_war_exploded] [INFO] [2019-07-06 14:29:05] com.mangofactory.swagger.scanners.ApiListingReferenceScanner.scanSpringRequestMappings(82) | 
Adding resource to group:ResourceGroup{groupName='user-controller', position=0} with description:User Controller for handler method:userList
[NEW_war_exploded] [INFO] [2019-07-06 14:29:05] com.mangofactory.swagger.core.ClassOrApiAnnotationResourceGrouping.getResourceGroups(50) | 
Group for method login was user-controller
[NEW_war_exploded] [INFO] [2019-07-06 14:29:05] com.mangofactory.swagger.scanners.ApiListingReferenceScanner.scanSpringRequestMappings(78) | 
Request mapping: login belongs to groups: [[ResourceGroup{groupName='user-controller', position=0}]] 
[NEW_war_exploded] [INFO] [2019-07-06 14:29:05] com.mangofactory.swagger.scanners.ApiListingReferenceScanner.scanSpringRequestMappings(82) | 
Adding resource to group:ResourceGroup{groupName='user-controller', position=0} with description:User Controller for handler method:login
[NEW_war_exploded] [INFO] [2019-07-06 14:29:05] com.mangofactory.swagger.core.ClassOrApiAnnotationResourceGrouping.getResourceGroups(50) | 
Group for method insertUserByCsv was user-controller
[NEW_war_exploded] [INFO] [2019-07-06 14:29:05] com.mangofactory.swagger.scanners.ApiListingReferenceScanner.scanSpringRequestMappings(78) | 
Request mapping: insertUserByCsv belongs to groups: [[ResourceGroup{groupName='user-controller', position=0}]] 
[NEW_war_exploded] [INFO] [2019-07-06 14:29:05] com.mangofactory.swagger.scanners.ApiListingReferenceScanner.scanSpringRequestMappings(82) | 
Adding resource to group:ResourceGroup{groupName='user-controller', position=0} with description:User Controller for handler method:insertUserByCsv
[NEW_war_exploded] [INFO] [2019-07-06 14:29:05] com.mangofactory.swagger.core.ClassOrApiAnnotationResourceGrouping.getResourceGroups(50) | 
Group for method isexist was user-controller
[NEW_war_exploded] [INFO] [2019-07-06 14:29:05] com.mangofactory.swagger.scanners.ApiListingReferenceScanner.scanSpringRequestMappings(78) | 
Request mapping: isexist belongs to groups: [[ResourceGroup{groupName='user-controller', position=0}]] 
[NEW_war_exploded] [INFO] [2019-07-06 14:29:05] com.mangofactory.swagger.scanners.ApiListingReferenceScanner.scanSpringRequestMappings(82) | 
Adding resource to group:ResourceGroup{groupName='user-controller', position=0} with description:User Controller for handler method:isexist
[NEW_war_exploded] [INFO] [2019-07-06 14:29:05] com.mangofactory.swagger.core.RequestMappingEvaluator.hasIgnoredAnnotatedRequestMapping(74) | 
Excluding method as it contains the excluded annotation: interface com.mangofactory.swagger.annotations.ApiIgnore
[NEW_war_exploded] [INFO] [2019-07-06 14:29:05] com.mangofactory.swagger.core.RequestMappingEvaluator.hasIgnoredAnnotatedRequestMapping(74) | 
Excluding method as it contains the excluded annotation: interface com.mangofactory.swagger.annotations.ApiIgnore
[NEW_war_exploded] [INFO] [2019-07-06 14:29:05] com.mangofactory.swagger.scanners.ApiListingReferenceScanner.scanSpringRequestMappings(96) | 
Created resource listing Path: /default/article-controller Description: article-controller Position: 0
[NEW_war_exploded] [INFO] [2019-07-06 14:29:05] com.mangofactory.swagger.scanners.ApiListingReferenceScanner.scanSpringRequestMappings(96) | 
Created resource listing Path: /default/user-controller Description: user-controller Position: 0
[NEW_war_exploded] [INFO] [2019-07-06 14:29:06] com.mangofactory.swagger.core.SwaggerApiResourceListing.initialize(89) | 
Added a resource listing with (2) api resources: 
[NEW_war_exploded] [INFO] [2019-07-06 14:29:06] com.mangofactory.swagger.core.SwaggerApiResourceListing.initialize(93) | 
  Article Controller at location: /api-docs/default/article-controller
[NEW_war_exploded] [INFO] [2019-07-06 14:29:06] com.mangofactory.swagger.core.SwaggerApiResourceListing.initialize(93) | 
  User Controller at location: /api-docs/default/user-controller
[NEW_war_exploded] [INFO] [2019-07-06 14:29:06] org.springframework.web.servlet.FrameworkServlet.initServletBean(498) | 
FrameworkServlet 'springMVC': initialization completed in 14987 ms
[NEW_war_exploded] [INFO] [2019-07-06 16:06:53] org.springframework.context.support.AbstractApplicationContext.doClose(873) | 
Closing WebApplicationContext for namespace 'springMVC-servlet': startup date [Sat Jul 06 14:28:51 CST 2019]; parent: Root WebApplicationContext
[NEW_war_exploded] [INFO] [2019-07-06 16:06:53] org.springframework.context.support.AbstractApplicationContext.doClose(873) | 
Closing Root WebApplicationContext: startup date [Sat Jul 06 14:28:49 CST 2019]; root of context hierarchy
